Build started 2/7/2019 3:44:07 PM.
     1>Project "C:\Users\amit.sharma\Documents\Visual Studio 2010\Project\Pcap-Decoder\PecapDecoder\PecapDecoder.vcxproj" on node 2 (build target(s)).
     1>InitializeBuildStatus:
         Creating "Debug\PecapDecoder.unsuccessfulbuild" because "AlwaysCreate" was specified.
       ClCompile:
         All outputs are up-to-date.
         C:\Program Files (x86)\Microsoft Visual Studio 10.0\VC\bin\CL.exe /c /I"C:\Users\amit.sharma\Documents\Visual Studio 2010\Projects\PecapDecoder\WpdPack\Include" /ZI /nologo /W3 /WX- /Od /Oy- /D WIN32 /D _DEBUG /D _CONSOLE /D WPCAP /D HAVE_REMOTE /D _UNICODE /D UNICODE /Gm /EHsc /RTC1 /MDd /GS /fp:precise /Zc:wchar_t /Zc:forScope /Yu"StdAfx.h" /Fp"Debug\PecapDecoder.pch" /Fo"Debug\\" /Fd"Debug\vc100.pdb" /Gd /TP /analyze- /errorReport:prompt PecapManager.cpp
         PecapManager.cpp
     1>c:\users\amit.sharma\documents\visual studio 2010\project\pcap-decoder\pecapdecoder\structures.h(90): warning C4091: 'typedef ' : ignored on left of 'Linux_cooked_capture' when no variable is declared
     1>c:\users\amit.sharma\documents\visual studio 2010\project\pcap-decoder\pecapdecoder\structures.h(137): warning C4091: 'typedef ' : ignored on left of 'tcpHeader' when no variable is declared
     1>c:\users\amit.sharma\documents\visual studio 2010\project\pcap-decoder\pecapdecoder\structures.h(145): warning C4091: 'typedef ' : ignored on left of 'updHeader' when no variable is declared
     1>c:\users\amit.sharma\documents\visual studio 2010\project\pcap-decoder\pecapdecoder\pecapmanager.h(21): warning C4005: 'TCP_PROTOCOL' : macro redefinition
                 c:\users\amit.sharma\documents\visual studio 2010\project\pcap-decoder\pecapdecoder\pecapmanager.h(18) : see previous definition of 'TCP_PROTOCOL'
     1>c:\users\amit.sharma\documents\visual studio 2010\project\pcap-decoder\pecapdecoder\pecapmanager.h(22): warning C4005: 'UDP_PROTOCOL' : macro redefinition
                 c:\users\amit.sharma\documents\visual studio 2010\project\pcap-decoder\pecapdecoder\pecapmanager.h(19) : see previous definition of 'UDP_PROTOCOL'
     1>c:\users\amit.sharma\documents\visual studio 2010\project\pcap-decoder\pecapdecoder\pecapmanager.cpp(29): warning C4244: 'initializing' : conversion from 'std::streamoff' to 'long', possible loss of data
     1>c:\users\amit.sharma\documents\visual studio 2010\project\pcap-decoder\pecapdecoder\pecapmanager.cpp(98): warning C4715: 'CPcapManager::generateKey' : not all control paths return a value
       ManifestResourceCompile:
         All outputs are up-to-date.
       Link:
         C:\Program Files (x86)\Microsoft Visual Studio 10.0\VC\bin\link.exe /ERRORREPORT:PROMPT /OUT:"C:\Users\amit.sharma\Documents\Visual Studio 2010\Project\Pcap-Decoder\Debug\PecapDecoder.exe" /INCREMENTAL /NOLOGO Ws2_32.lib kernel32.lib user32.lib gdi32.lib winspool.lib comdlg32.lib advapi32.lib shell32.lib ole32.lib oleaut32.lib uuid.lib odbc32.lib odbccp32.lib /MANIFEST /ManifestFile:"Debug\PecapDecoder.exe.intermediate.manifest" /MANIFESTUAC:"level='asInvoker' uiAccess='false'" /DEBUG /PDB:"C:\Users\amit.sharma\Documents\Visual Studio 2010\Project\Pcap-Decoder\Debug\PecapDecoder.pdb" /SUBSYSTEM:CONSOLE /TLBID:1 /DYNAMICBASE /NXCOMPAT /IMPLIB:"C:\Users\amit.sharma\Documents\Visual Studio 2010\Project\Pcap-Decoder\Debug\PecapDecoder.lib" /MACHINE:X86 Debug\PecapDecoder.exe.embed.manifest.res
         Debug\InternetVersion.obj
         Debug\LayerOneParser.obj
         Debug\LayerThreeParser.obj
         Debug\LayerTwoParser.obj
         Debug\PecapManager.obj
         Debug\TCP.obj
         Debug\PecapDecoder.obj
         Debug\stdafx.obj
         Debug\UDP.obj
       Manifest:
         C:\Program Files (x86)\Microsoft SDKs\Windows\v7.0A\bin\mt.exe /nologo /verbose /out:"Debug\PecapDecoder.exe.embed.manifest" /manifest Debug\PecapDecoder.exe.intermediate.manifest
         All outputs are up-to-date.
       LinkEmbedManifest:
         All outputs are up-to-date.
         PecapDecoder.vcxproj -> C:\Users\amit.sharma\Documents\Visual Studio 2010\Project\Pcap-Decoder\Debug\PecapDecoder.exe
       FinalizeBuildStatus:
         Deleting file "Debug\PecapDecoder.unsuccessfulbuild".
         Touching "Debug\PecapDecoder.lastbuildstate".
     1>Done Building Project "C:\Users\amit.sharma\Documents\Visual Studio 2010\Project\Pcap-Decoder\PecapDecoder\PecapDecoder.vcxproj" (build target(s)).

Build succeeded.

Time Elapsed 00:00:02.11
